{
  "RSpec": {
    "coverage": {
      "/home/lmasello/Documents/FIUBA/INFIUBA/infiuba/config/environment.rb": [
        null,
        1,
        null,
        null,
        1
      ],
      "/home/lmasello/Documents/FIUBA/INFIUBA/infiuba/config/application.rb": [
        1,
        null,
        1,
        null,
        null,
        null,
        1,
        null,
        1,
        1,
        null,
        null,
        null,
        null,
        null
      ],
      "/home/lmasello/Documents/FIUBA/INFIUBA/infiuba/config/boot.rb": [
        1,
        null,
        1
      ],
      "/home/lmasello/Documents/FIUBA/INFIUBA/infiuba/config/spring.rb": [
        null,
        null,
        null,
        null,
        null,
        5
      ],
      "/home/lmasello/Documents/FIUBA/INFIUBA/infiuba/config/environments/test.rb": [
        1,
        null,
        null,
        null,
        null,
        null,
        null,
        1,
        null,
        null,
        null,
        null,
        1,
        null,
        null,
        1,
        1,
        null,
        null,
        null,
        null,
        1,
        1,
        null,
        null,
        1,
        null,
        null,
        1,
        1,
        null,
        null,
        null,
        null,
        1,
        null,
        null,
        1,
        null,
        null,
        null,
        null
      ],
      "/home/lmasello/Documents/FIUBA/INFIUBA/infiuba/config/initializers/active_admin.rb": [
        1,
        null,
        null,
        null,
        null,
        null,
        1,
        null,
        null,
        null,
        null,
        null,
        null,
        null,
        null,
        null,
        null,
        null,
        null,
        null,
        null,
        null,
        null,
        null,
        null,
        null,
        null,
        null,
        null,
        null,
        null,
        null,
        null,
        null,
        null,
        null,
        null,
        null,
        null,
        null,
        null,
        null,
        null,
        null,
        null,
        null,
        null,
        null,
        null,
        null,
        null,
        null,
        null,
        null,
        null,
        null,
        1,
        null,
        null,
        null,
        null,
        null,
        null,
        null,
        null,
        null,
        null,
        null,
        null,
        null,
        null,
        null,
        null,
        null,
        null,
        null,
        null,
        null,
        null,
        null,
        null,
        null,
        null,
        null,
        null,
        null,
        null,
        null,
        1,
        null,
        null,
        null,
        null,
        null,
        null,
        null,
        null,
        null,
        null,
        null,
        1,
        null,
        null,
        null,
        null,
        null,
        null,
        null,
        null,
        null,
        null,
        null,
        null,
        null,
        null,
        null,
        null,
        null,
        null,
        null,
        null,
        null,
        null,
        null,
        null,
        null,
        null,
        null,
        null,
        null,
        null,
        null,
        null,
        null,
        null,
        null,
        null,
        null,
        null,
        null,
        1,
        null,
        null,
        null,
        null,
        null,
        null,
        null,
        null,
        null,
        null,
        null,
        null,
        null,
        null,
        1,
        null,
        null,
        null,
        null,
        null,
        null,
        null,
        null,
        null,
        null,
        null,
        null,
        null,
        null,
        null,
        null,
        null,
        null,
        null,
        null,
        null,
        null,
        null,
        null,
        null,
        null,
        null,
        null,
        null,
        null,
        null,
        null,
        null,
        null,
        null,
        null,
        null,
        null,
        null,
        null,
        null,
        null,
        null,
        null,
        null,
        null,
        null,
        null,
        null,
        null,
        null,
        null,
        null,
        null,
        null,
        null,
        null,
        null,
        null,
        null,
        null,
        null,
        null,
        null,
        null,
        null,
        null,
        null,
        null,
        null,
        null,
        null,
        null,
        null,
        null,
        null,
        null,
        null,
        null,
        null,
        null,
        null,
        null,
        null,
        null,
        null,
        null,
        null,
        null,
        null,
        null,
        null,
        null,
        null,
        null,
        null,
        null,
        null,
        null,
        null,
        null,
        null,
        null,
        null,
        null,
        null,
        null,
        null,
        null,
        null,
        null,
        null,
        null,
        null,
        null,
        null
      ],
      "/home/lmasello/Documents/FIUBA/INFIUBA/infiuba/config/initializers/application_controller_renderer.rb": [
        null,
        null,
        null,
        null,
        null,
        null
      ],
      "/home/lmasello/Documents/FIUBA/INFIUBA/infiuba/config/initializers/assets.rb": [
        null,
        null,
        null,
        1,
        null,
        null,
        null,
        null,
        null,
        null,
        null
      ],
      "/home/lmasello/Documents/FIUBA/INFIUBA/infiuba/config/initializers/backtrace_silencers.rb": [
        null,
        null,
        null,
        null,
        null,
        null,
        null
      ],
      "/home/lmasello/Documents/FIUBA/INFIUBA/infiuba/config/initializers/cookies_serializer.rb": [
        null,
        null,
        null,
        null,
        1
      ],
      "/home/lmasello/Documents/FIUBA/INFIUBA/infiuba/config/initializers/devise.rb": [
        null,
        null,
        1,
        null,
        null,
        null,
        null,
        null,
        null,
        null,
        null,
        null,
        null,
        null,
        1,
        null,
        null,
        null,
        null,
        null,
        null,
        null,
        null,
        null,
        null,
        null,
        1,
        null,
        null,
        null,
        null,
        null,
        null,
        null,
        null,
        null,
        null,
        null,
        null,
        null,
        null,
        null,
        null,
        null,
        null,
        null,
        null,
        null,
        1,
        null,
        null,
        null,
        null,
        1,
        null,
        null,
        null,
        null,
        null,
        null,
        null,
        null,
        null,
        null,
        null,
        null,
        null,
        null,
        null,
        null,
        null,
        null,
        null,
        null,
        null,
        null,
        null,
        null,
        null,
        null,
        null,
        null,
        null,
        null,
        1,
        null,
        null,
        null,
        null,
        null,
        null,
        null,
        null,
        null,
        null,
        null,
        null,
        null,
        null,
        null,
        null,
        null,
        null,
        null,
        null,
        null,
        null,
        1,
        null,
        null,
        null,
        null,
        null,
        null,
        null,
        null,
        null,
        null,
        null,
        null,
        null,
        null,
        null,
        null,
        null,
        null,
        null,
        null,
        null,
        null,
        null,
        null,
        null,
        null,
        null,
        1,
        null,
        null,
        null,
        null,
        null,
        null,
        null,
        null,
        null,
        1,
        null,
        null,
        null,
        null,
        null,
        null,
        null,
        null,
        null,
        null,
        1,
        null,
        null,
        null,
        null,
        1,
        null,
        null,
        null,
        null,
        null,
        null,
        null,
        null,
        null,
        null,
        null,
        null,
        null,
        null,
        null,
        null,
        null,
        null,
        null,
        null,
        null,
        null,
        null,
        null,
        null,
        null,
        null,
        null,
        null,
        null,
        null,
        null,
        null,
        null,
        null,
        null,
        null,
        null,
        null,
        null,
        1,
        null,
        null,
        null,
        null,
        null,
        null,
        null,
        null,
        null,
        null,
        null,
        null,
        null,
        null,
        null,
        null,
        null,
        null,
        null,
        null,
        null,
        null,
        null,
        null,
        null,
        null,
        null,
        null,
        null,
        null,
        null,
        null,
        null,
        null,
        null,
        null,
        null,
        null,
        null,
        null,
        null,
        1,
        null,
        null,
        null,
        null,
        null,
        null,
        null,
        null,
        null,
        null,
        null,
        null,
        null,
        null,
        null,
        null,
        null,
        null,
        null,
        null,
        null,
        null,
        null,
        null,
        null,
        null,
        null,
        null,
        null
      ],
      "/home/lmasello/Documents/FIUBA/INFIUBA/infiuba/config/initializers/filter_parameter_logging.rb": [
        null,
        null,
        null,
        1
      ],
      "/home/lmasello/Documents/FIUBA/INFIUBA/infiuba/config/initializers/inflections.rb": [
        null,
        null,
        null,
        null,
        null,
        null,
        null,
        null,
        null,
        null,
        null,
        null,
        null,
        null,
        null,
        null
      ],
      "/home/lmasello/Documents/FIUBA/INFIUBA/infiuba/config/initializers/mime_types.rb": [
        null,
        null,
        null,
        null
      ],
      "/home/lmasello/Documents/FIUBA/INFIUBA/infiuba/config/initializers/new_framework_defaults.rb": [
        null,
        null,
        null,
        null,
        null,
        null,
        null,
        1,
        null,
        null,
        1,
        null,
        null,
        null,
        1,
        null,
        null,
        1,
        null,
        null,
        1,
        null,
        null,
        1
      ],
      "/home/lmasello/Documents/FIUBA/INFIUBA/infiuba/config/initializers/session_store.rb": [
        null,
        null,
        1
      ],
      "/home/lmasello/Documents/FIUBA/INFIUBA/infiuba/config/initializers/wrap_parameters.rb": [
        null,
        null,
        null,
        null,
        null,
        null,
        1,
        2,
        null,
        null,
        null,
        null,
        null,
        null
      ],
      "/home/lmasello/Documents/FIUBA/INFIUBA/infiuba/spec/factories/activity.rb": [
        1,
        1,
        12,
        12,
        12,
        null,
        null
      ],
      "/home/lmasello/Documents/FIUBA/INFIUBA/infiuba/spec/factories/album.rb": [
        1,
        1,
        10,
        10,
        null,
        null
      ],
      "/home/lmasello/Documents/FIUBA/INFIUBA/infiuba/config/routes.rb": [
        1,
        1,
        1,
        1,
        1,
        1,
        null
      ],
      "/home/lmasello/Documents/FIUBA/INFIUBA/infiuba/app/controllers/application_controller.rb": [
        1,
        null,
        null,
        1,
        null,
        1,
        null,
        1,
        5,
        null,
        null,
        1,
        null,
        1,
        5,
        null,
        null
      ],
      "/home/lmasello/Documents/FIUBA/INFIUBA/infiuba/app/helpers/application_helper.rb": [
        1,
        null
      ],
      "/home/lmasello/Documents/FIUBA/INFIUBA/infiuba/app/helpers/landing_helper.rb": [
        1,
        null
      ],
      "/home/lmasello/Documents/FIUBA/INFIUBA/infiuba/app/models/admin_user.rb": [
        1,
        null,
        null,
        1,
        null,
        null
      ],
      "/home/lmasello/Documents/FIUBA/INFIUBA/infiuba/app/models/application_record.rb": [
        1,
        1,
        null
      ],
      "/home/lmasello/Documents/FIUBA/INFIUBA/infiuba/app/admin/dashboard.rb": [
        1,
        null,
        1,
        null,
        1,
        0,
        0,
        0,
        0,
        null,
        null,
        null,
        null,
        null,
        null,
        null,
        null,
        null,
        null,
        null,
        null,
        null,
        null,
        null,
        null,
        null,
        null,
        null,
        null,
        null,
        null,
        null,
        null
      ],
      "/home/lmasello/Documents/FIUBA/INFIUBA/infiuba/app/admin/article.rb": [
        1,
        1,
        null
      ],
      "/home/lmasello/Documents/FIUBA/INFIUBA/infiuba/app/models/article.rb": [
        1,
        null
      ],
      "/home/lmasello/Documents/FIUBA/INFIUBA/infiuba/app/admin/admin_user.rb": [
        1,
        1,
        null,
        1,
        0,
        0,
        0,
        0,
        0,
        0,
        0,
        null,
        null,
        1,
        1,
        1,
        1,
        null,
        1,
        0,
        0,
        0,
        0,
        null,
        0,
        null,
        null,
        null
      ],
      "/home/lmasello/Documents/FIUBA/INFIUBA/infiuba/spec/support/factory_girl_macros.rb": [
        1,
        1,
        0,
        0,
        null,
        null,
        null
      ],
      "/home/lmasello/Documents/FIUBA/INFIUBA/infiuba/spec/support/parsed_response_helper.rb": [
        1,
        1,
        1,
        3,
        null,
        null,
        null
      ],
      "/home/lmasello/Documents/FIUBA/INFIUBA/infiuba/app/controllers/activities_controller.rb": [
        1,
        1,
        5,
        null,
        null
      ],
      "/home/lmasello/Documents/FIUBA/INFIUBA/infiuba/app/models/activity.rb": [
        1,
        1,
        1,
        null
      ],
      "/home/lmasello/Documents/FIUBA/INFIUBA/infiuba/app/models/album.rb": [
        1,
        1,
        1,
        null
      ],
      "/home/lmasello/Documents/FIUBA/INFIUBA/infiuba/app/serializers/activity_serializer.rb": [
        1,
        1,
        1,
        null
      ],
      "/home/lmasello/Documents/FIUBA/INFIUBA/infiuba/app/serializers/album_serializer.rb": [
        1,
        1,
        null
      ]
    },
    "timestamp": 1485362640
  }
}
